Watching job queue (neurolab.job) for jobs to consume
Worker ID : 4d87cd8272b3b91b19000003
Got a job: Job(id=4d87cb4f72b3b91a5f000006)
Got a job: Job(id=4d87cb4f72b3b91a5f000009)
Traceback (most recent call last):
  File "/Users/mathieudamours/Laboratoire/NeuroLab/neurolab/tasks/worker.py", line 56, in <module>
    time.sleep(queue.time)

Watching job queue (neurolab.job) for jobs to consume
Worker ID : 4d87cd9072b3b91b23000003
Got a job: Job(id=4d87cdc072b3b91b16000006)
Got a job: Job(id=4d87cdc072b3b91b16000003)
Got a job: Job(id=4d87cf2472b3b91b4800000f)
Got a job: Job(id=4d87cf2472b3b91b48000015)
Got a job: Job(id=4d87cf2472b3b91b48000012)
Got a job: Job(id=4d87cf2472b3b91b48000015)
Got a job: Job(id=4d87d39b72b3b91d8b000003)
Got a job: Job(id=4d87d39b72b3b91d8b000006)
Got a job: Job(id=4d87d39b72b3b91d8b000009)
Traceback (most recent call last):
  File "/Users/mathieudamours/Laboratoire/NeuroLab/neurolab/tasks/worker.py", line 56, in <module>
    time.sleep(queue.time)

Watching job queue (neurolab.job) for jobs to consume
Worker ID : 4d87d43172b3b91df5000003
Got a job: Job(id=4d87d43872b3b91d8b00000d)
Got a job: Job(id=4d87d43872b3b91d8b000010)
Got a job: Job(id=4d87d43872b3b91d8b000013)
Got a job: Job(id=4d87d54b72b3b91e12000003)
Got a job: Job(id=4d87d54b72b3b91e12000006)
Got a job: Job(id=4d87d54b72b3b91e12000009)
Traceback (most recent call last):
  File "/Users/mathieudamours/Laboratoire/NeuroLab/neurolab/tasks/worker.py", line 56, in <module>
    time.sleep(queue.time)
KeyboardInterrupt
Exception KeyboardInterrupt in <function remove at 0x102b4a2a8> ignored
Watching job queue (neurolab.job) for jobs to consume
Worker ID : 4d87d55172b3b91e3c000003
Got a job: Job(id=4d87d56d72b3b91e1200000d)
0 18688 (1, 18688)
Done Loading Component(EMG_) from File
Got a job: Job(id=4d87d56d72b3b91e12000010)
0 74752 (16, 74752)
0 74752 (16, 74752)
0 74752 (16, 74752)
0 74752 (16, 74752)
0 74752 (16, 74752)
0 74752 (16, 74752)
0 74752 (16, 74752)
0 74752 (16, 74752)
0 74752 (16, 74752)
0 74752 (16, 74752)
0 74752 (16, 74752)
0 74752 (16, 74752)
0 74752 (16, 74752)
0 74752 (16, 74752)
0 74752 (16, 74752)
0 74752 (16, 74752)
Done Loading Component(TUN_) from File
Got a job: Job(id=4d87d56d72b3b91e12000013)
0 6272 (1, 6229)
Traceback (most recent call last):
  File "/Users/mathieudamours/Laboratoire/NeuroLab/neurolab/tasks/worker.py", line 56, in <module>
    time.sleep(queue.time)
KeyboardInterrupt
Watching job queue (neurolab.job) for jobs to consume
Worker ID : 4d88a31072b3b90a7d000003
Traceback (most recent call last):
  File "/Users/mathieudamours/Laboratoire/NeuroLab/bin/worker", line 58, in <module>
    time.sleep(queue.time)

Watching job queue (neurolab.job) for jobs to consume
Worker ID : 4d88c9f472b3b90b6a000003
Got a job: Job(id=4d88c9e772b3b90b1d000003)
0 18688 (1, 18688)
Done Loading Component(EMG_) from File
Got a job: Job(id=4d88c9e772b3b90b1d000006)
0 74752 (16, 74752)
0 74752 (16, 74752)
0 74752 (16, 74752)
0 74752 (16, 74752)
0 74752 (16, 74752)
0 74752 (16, 74752)
0 74752 (16, 74752)
0 74752 (16, 74752)
0 74752 (16, 74752)
0 74752 (16, 74752)
0 74752 (16, 74752)
0 74752 (16, 74752)
0 74752 (16, 74752)
0 74752 (16, 74752)
0 74752 (16, 74752)
0 74752 (16, 74752)
Done Loading Component(TUN_) from File
Got a job: Job(id=4d88c9e772b3b90b1d000009)
0 6272 (1, 6272)
Done Loading Component(EOG_) from File
Got a job: Job(id=4d88cb8272b3b90bb8000003)
0 1008896 (1, 1008896)
Done Loading Component(EMG_) from File
Got a job: Job(id=4d88cb8272b3b90bb8000006)
0 1310720 (16, 4035584)
0 1310720 (16, 4035584)
0 1310720 (16, 4035584)
0 1310720 (16, 4035584)
0 1310720 (16, 4035584)
0 1310720 (16, 4035584)
0 1310720 (16, 4035584)
0 1310720 (16, 4035584)
0 1310720 (16, 4035584)
0 1310720 (16, 4035584)
0 1310720 (16, 4035584)
0 1310720 (16, 4035584)
0 1310720 (16, 4035584)
0 1310720 (16, 4035584)
0 1310720 (16, 4035584)
0 1310720 (16, 4035584)
1310720 1310720 (16, 4035584)
1310720 1310720 (16, 4035584)
1310720 1310720 (16, 4035584)
1310720 1310720 (16, 4035584)
1310720 1310720 (16, 4035584)
1310720 1310720 (16, 4035584)
1310720 1310720 (16, 4035584)
1310720 1310720 (16, 4035584)
1310720 1310720 (16, 4035584)
1310720 1310720 (16, 4035584)
1310720 1310720 (16, 4035584)
1310720 1310720 (16, 4035584)
1310720 1310720 (16, 4035584)
1310720 1310720 (16, 4035584)
1310720 1310720 (16, 4035584)
1310720 1310720 (16, 4035584)
2621440 1310720 (16, 4035584)
2621440 1310720 (16, 4035584)
2621440 1310720 (16, 4035584)
2621440 1310720 (16, 4035584)
2621440 1310720 (16, 4035584)
2621440 1310720 (16, 4035584)
2621440 1310720 (16, 4035584)
2621440 1310720 (16, 4035584)
2621440 1310720 (16, 4035584)
2621440 1310720 (16, 4035584)
2621440 1310720 (16, 4035584)
2621440 1310720 (16, 4035584)
2621440 1310720 (16, 4035584)
2621440 1310720 (16, 4035584)
2621440 1310720 (16, 4035584)
2621440 1310720 (16, 4035584)
3932160 103424 (16, 4035584)
3932160 103424 (16, 4035584)
3932160 103424 (16, 4035584)
3932160 103424 (16, 4035584)
3932160 103424 (16, 4035584)
3932160 103424 (16, 4035584)
3932160 103424 (16, 4035584)
3932160 103424 (16, 4035584)
3932160 103424 (16, 4035584)
3932160 103424 (16, 4035584)
3932160 103424 (16, 4035584)
3932160 103424 (16, 4035584)
3932160 103424 (16, 4035584)
3932160 103424 (16, 4035584)
3932160 103424 (16, 4035584)
3932160 103424 (16, 4035584)
Done Loading Component(TUN_) from File
Got a job: Job(id=4d88cbef72b3b90bc5000005)
0 1310720 (16, 1487872)
0 1310720 (16, 1487872)
0 1310720 (16, 1487872)
0 1310720 (16, 1487872)
0 1310720 (16, 1487872)
0 1310720 (16, 1487872)
0 1310720 (16, 1487872)
0 1310720 (16, 1487872)
0 1310720 (16, 1487872)
0 1310720 (16, 1487872)
0 1310720 (16, 1487872)
0 1310720 (16, 1487872)
0 1310720 (16, 1487872)
0 1310720 (16, 1487872)
0 1310720 (16, 1487872)
0 1310720 (16, 1487872)
1310720 177152 (16, 1487872)
1310720 177152 (16, 1487872)
1310720 177152 (16, 1487872)
1310720 177152 (16, 1487872)
1310720 177152 (16, 1487872)
1310720 177152 (16, 1487872)
1310720 177152 (16, 1487872)
1310720 177152 (16, 1487872)
1310720 177152 (16, 1487872)
1310720 177152 (16, 1487872)
1310720 177152 (16, 1487872)
1310720 177152 (16, 1487872)
1310720 177152 (16, 1487872)
1310720 177152 (16, 1487872)
1310720 177152 (16, 1487872)
1310720 177152 (16, 1487872)
Done Loading Component(TUN_) from File
Got a job: Job(id=4d88cb8272b3b90bb8000009)
0 336256 (1, 336256)
Done Loading Component(EOG_) from File
Got a job: Job(id=4d88cbef72b3b90bc5000002)
0 371968 (1, 371968)
Done Loading Component(EMG_) from File
Got a job: Job(id=4d88cbef72b3b90bc5000008)
0 123968 (1, 123968)
Done Loading Component(EOG_) from File
Traceback (most recent call last):
  File "/Users/mathieudamours/Laboratoire/NeuroLab/bin/worker", line 58, in <module>
    time.sleep(queue.time)

Watching job queue (neurolab.job) for jobs to consume
Worker ID : 4d88d73e72b3b90d72000003
Traceback (most recent call last):
  File "/Users/mathieudamours/Laboratoire/NeuroLab/bin/worker", line 58, in <module>
    time.sleep(queue.time)

Watching job queue (neurolab.job) for jobs to consume
Worker ID : 4d88d9e172b3b90dbe000003
Got a job: Job(id=4d88dbc572b3b90ca3000003)
0 3114240 (1, 3114240)
Done Loading Component(EMG_) from File
Got a job: Job(id=4d88dbc572b3b90ca3000006)
0 1310720 (16, 12456960)
0 1310720 (16, 12456960)
0 1310720 (16, 12456960)
0 1310720 (16, 12456960)
0 1310720 (16, 12456960)
0 1310720 (16, 12456960)
0 1310720 (16, 12456960)
0 1310720 (16, 12456960)
0 1310720 (16, 12456960)
0 1310720 (16, 12456960)
0 1310720 (16, 12456960)
0 1310720 (16, 12456960)
0 1310720 (16, 12456960)
0 1310720 (16, 12456960)
0 1310720 (16, 12456960)
0 1310720 (16, 12456960)
1310720 1310720 (16, 12456960)
1310720 1310720 (16, 12456960)
1310720 1310720 (16, 12456960)
1310720 1310720 (16, 12456960)
1310720 1310720 (16, 12456960)
1310720 1310720 (16, 12456960)
1310720 1310720 (16, 12456960)
1310720 1310720 (16, 12456960)
1310720 1310720 (16, 12456960)
1310720 1310720 (16, 12456960)
1310720 1310720 (16, 12456960)
1310720 1310720 (16, 12456960)
1310720 1310720 (16, 12456960)
1310720 1310720 (16, 12456960)
1310720 1310720 (16, 12456960)
1310720 1310720 (16, 12456960)
2621440 1310720 (16, 12456960)
2621440 1310720 (16, 12456960)
2621440 1310720 (16, 12456960)
2621440 1310720 (16, 12456960)
2621440 1310720 (16, 12456960)
2621440 1310720 (16, 12456960)
2621440 1310720 (16, 12456960)
2621440 1310720 (16, 12456960)
2621440 1310720 (16, 12456960)
2621440 1310720 (16, 12456960)
2621440 1310720 (16, 12456960)
2621440 1310720 (16, 12456960)
2621440 1310720 (16, 12456960)
2621440 1310720 (16, 12456960)
2621440 1310720 (16, 12456960)
2621440 1310720 (16, 12456960)
3932160 1310720 (16, 12456960)
3932160 1310720 (16, 12456960)
3932160 1310720 (16, 12456960)
3932160 1310720 (16, 12456960)
3932160 1310720 (16, 12456960)
3932160 1310720 (16, 12456960)
3932160 1310720 (16, 12456960)
3932160 1310720 (16, 12456960)
3932160 1310720 (16, 12456960)
3932160 1310720 (16, 12456960)
3932160 1310720 (16, 12456960)
3932160 1310720 (16, 12456960)
3932160 1310720 (16, 12456960)
3932160 1310720 (16, 12456960)
3932160 1310720 (16, 12456960)
3932160 1310720 (16, 12456960)
5242880 1310720 (16, 12456960)
5242880 1310720 (16, 12456960)
5242880 1310720 (16, 12456960)
5242880 1310720 (16, 12456960)
5242880 1310720 (16, 12456960)
5242880 1310720 (16, 12456960)
5242880 1310720 (16, 12456960)
5242880 1310720 (16, 12456960)
5242880 1310720 (16, 12456960)
5242880 1310720 (16, 12456960)
5242880 1310720 (16, 12456960)
5242880 1310720 (16, 12456960)
5242880 1310720 (16, 12456960)
5242880 1310720 (16, 12456960)
5242880 1310720 (16, 12456960)
5242880 1310720 (16, 12456960)
6553600 1310720 (16, 12456960)
6553600 1310720 (16, 12456960)
6553600 1310720 (16, 12456960)
6553600 1310720 (16, 12456960)
6553600 1310720 (16, 12456960)
6553600 1310720 (16, 12456960)
6553600 1310720 (16, 12456960)
6553600 1310720 (16, 12456960)
6553600 1310720 (16, 12456960)
6553600 1310720 (16, 12456960)
6553600 1310720 (16, 12456960)
6553600 1310720 (16, 12456960)
6553600 1310720 (16, 12456960)
6553600 1310720 (16, 12456960)
6553600 1310720 (16, 12456960)
6553600 1310720 (16, 12456960)
7864320 1310720 (16, 12456960)
7864320 1310720 (16, 12456960)
7864320 1310720 (16, 12456960)
7864320 1310720 (16, 12456960)
7864320 1310720 (16, 12456960)
7864320 1310720 (16, 12456960)
7864320 1310720 (16, 12456960)
7864320 1310720 (16, 12456960)
7864320 1310720 (16, 12456960)
7864320 1310720 (16, 12456960)
7864320 1310720 (16, 12456960)
7864320 1310720 (16, 12456960)
7864320 1310720 (16, 12456960)
7864320 1310720 (16, 12456960)
7864320 1310720 (16, 12456960)
7864320 1310720 (16, 12456960)
9175040 1310720 (16, 12456960)
9175040 1310720 (16, 12456960)
9175040 1310720 (16, 12456960)
9175040 1310720 (16, 12456960)
9175040 1310720 (16, 12456960)
9175040 1310720 (16, 12456960)
9175040 1310720 (16, 12456960)
9175040 1310720 (16, 12456960)
9175040 1310720 (16, 12456960)
9175040 1310720 (16, 12456960)
9175040 1310720 (16, 12456960)
9175040 1310720 (16, 12456960)
9175040 1310720 (16, 12456960)
9175040 1310720 (16, 12456960)
9175040 1310720 (16, 12456960)
9175040 1310720 (16, 12456960)
10485760 1310720 (16, 12456960)
10485760 1310720 (16, 12456960)
10485760 1310720 (16, 12456960)
10485760 1310720 (16, 12456960)
10485760 1310720 (16, 12456960)
10485760 1310720 (16, 12456960)
10485760 1310720 (16, 12456960)
10485760 1310720 (16, 12456960)
10485760 1310720 (16, 12456960)
10485760 1310720 (16, 12456960)
10485760 1310720 (16, 12456960)
10485760 1310720 (16, 12456960)
10485760 1310720 (16, 12456960)
10485760 1310720 (16, 12456960)
10485760 1310720 (16, 12456960)
10485760 1310720 (16, 12456960)
11796480 660480 (16, 12456960)
11796480 660480 (16, 12456960)
11796480 660480 (16, 12456960)
11796480 660480 (16, 12456960)
11796480 660480 (16, 12456960)
11796480 660480 (16, 12456960)
11796480 660480 (16, 12456960)
11796480 660480 (16, 12456960)
11796480 660480 (16, 12456960)
11796480 660480 (16, 12456960)
11796480 660480 (16, 12456960)
11796480 660480 (16, 12456960)
11796480 660480 (16, 12456960)
11796480 660480 (16, 12456960)
11796480 660480 (16, 12456960)
11796480 660480 (16, 12456960)
Done Loading Component(TUN_) from File
Got a job: Job(id=4d88dbc572b3b90ca3000009)
0 1038144 (1, 1038144)
Done Loading Component(EOG_) from File
Traceback (most recent call last):
  File "/Users/mathieudamours/Laboratoire/NeuroLab/bin/worker", line 58, in <module>
    time.sleep(queue.time)
KeyboardInterrupt
Exception KeyboardInterrupt in <module 'threading' from '/usr/local/Cellar/python/2.7.1/lib/python2.7/threading.pyc'> ignored
Watching job queue (neurolab.job) for jobs to consume
Worker ID : 4d88e0bc72b3b90e21000003
Traceback (most recent call last):
  File "/Users/mathieudamours/Laboratoire/NeuroLab/bin/worker", line 58, in <module>
    time.sleep(queue.time)

Watching job queue (neurolab.job) for jobs to consume
Worker ID : 4d892ade72b3b9124c000003
Traceback (most recent call last):
  File "/Users/mathieudamours/Laboratoire/NeuroLab/bin/worker", line 58, in <module>
    time.sleep(queue.time)

Watching job queue (neurolab.job) for jobs to consume
Worker ID : 4d892b5772b3b91259000003
Got a job: Job(id=4d89300972b3b912aa000003)
0 18688 (1, 18688)
Done Loading Component(EMG_) from File
Got a job: Job(id=4d89300972b3b912aa000006)
0 74752 (16, 74752)
0 74752 (16, 74752)
0 74752 (16, 74752)
0 74752 (16, 74752)
0 74752 (16, 74752)
0 74752 (16, 74752)
0 74752 (16, 74752)
0 74752 (16, 74752)
0 74752 (16, 74752)
0 74752 (16, 74752)
0 74752 (16, 74752)
0 74752 (16, 74752)
0 74752 (16, 74752)
0 74752 (16, 74752)
0 74752 (16, 74752)
0 74752 (16, 74752)
Got a job: Job(id=4d89300972b3b912aa000009)
0 6272 (1, 6272)
Done Loading Component(EOG_) from File
Traceback (most recent call last):
  File "/Users/mathieudamours/Laboratoire/NeuroLab/bin/worker", line 58, in <module>
    time.sleep(queue.time)
KeyboardInterrupt
Error in atexit._run_exitfuncs:
Traceback (most recent call last):
  File "/usr/local/Cellar/python/2.7.1/lib/python2.7/atexit.py", line 24, in _run_exitfuncs
    func(*targs, **kargs)
  File "h5.pyx", line 343, in h5py.h5._exithack (h5py/h5.c:3753)
  File "/usr/local/Cellar/python/2.7.1/lib/python2.7/weakref.py", line 131, in __iter__
    def __iter__(self):
KeyboardInterrupt
Error in sys.exitfunc:
Traceback (most recent call last):
  File "/usr/local/Cellar/python/2.7.1/lib/python2.7/atexit.py", line 24, in _run_exitfuncs
    func(*targs, **kargs)
  File "h5.pyx", line 343, in h5py.h5._exithack (h5py/h5.c:3753)
  File "/usr/local/Cellar/python/2.7.1/lib/python2.7/weakref.py", line 131, in __iter__
    def __iter__(self):
KeyboardInterrupt
Watching job queue (neurolab.job) for jobs to consume
Worker ID : 4d89319f72b3b912c4000003
Traceback (most recent call last):
  File "/Users/mathieudamours/Laboratoire/NeuroLab/bin/worker", line 58, in <module>
    time.sleep(queue.time)

Watching job queue (neurolab.job) for jobs to consume
Worker ID : 4d8931d172b3b912c9000003
Traceback (most recent call last):
  File "/Users/mathieudamours/Laboratoire/NeuroLab/bin/worker", line 58, in <module>
    time.sleep(queue.time)

Watching job queue (neurolab.job) for jobs to consume
Worker ID : 4d89323972b3b912d4000003
Traceback (most recent call last):
  File "/Users/mathieudamours/Laboratoire/NeuroLab/bin/worker", line 58, in <module>
    time.sleep(queue.time)

Watching job queue (neurolab.job) for jobs to consume
Worker ID : 4d89326072b3b912dd000003
Got a job: Job(id=4d89324972b3b912b7000003)
0 18688 (1, 18688)
Done Loading Component(EMG_) from File
Got a job: Job(id=4d89324972b3b912b7000006)
0 74752 (16, 74752)
0 74752 (16, 74752)
0 74752 (16, 74752)
0 74752 (16, 74752)
0 74752 (16, 74752)
0 74752 (16, 74752)
0 74752 (16, 74752)
0 74752 (16, 74752)
0 74752 (16, 74752)
0 74752 (16, 74752)
0 74752 (16, 74752)
0 74752 (16, 74752)
0 74752 (16, 74752)
0 74752 (16, 74752)
0 74752 (16, 74752)
0 74752 (16, 74752)
True 
Done Loading Component(TUN_) from File
Got a job: Job(id=4d89324972b3b912b7000009)
0 6272 (1, 6272)
Done Loading Component(EOG_) from File
Got a job: Job(id=4d89329272b3b912b700000d)
0 371968 (1, 371968)
Done Loading Component(EMG_) from File
Got a job: Job(id=4d89329272b3b912b7000010)
0 1310720 (16, 1487872)
0 1310720 (16, 1487872)
0 1310720 (16, 1487872)
0 1310720 (16, 1487872)
0 1310720 (16, 1487872)
0 1310720 (16, 1487872)
0 1310720 (16, 1487872)
0 1310720 (16, 1487872)
0 1310720 (16, 1487872)
0 1310720 (16, 1487872)
0 1310720 (16, 1487872)
0 1310720 (16, 1487872)
0 1310720 (16, 1487872)
0 1310720 (16, 1487872)
0 1310720 (16, 1487872)
0 1310720 (16, 1487872)
1310720 177152 (16, 1487872)
1310720 177152 (16, 1487872)
1310720 177152 (16, 1487872)
1310720 177152 (16, 1487872)
1310720 177152 (16, 1487872)
1310720 177152 (16, 1487872)
1310720 177152 (16, 1487872)
1310720 177152 (16, 1487872)
1310720 177152 (16, 1487872)
1310720 177152 (16, 1487872)
1310720 177152 (16, 1487872)
1310720 177152 (16, 1487872)
1310720 177152 (16, 1487872)
1310720 177152 (16, 1487872)
1310720 177152 (16, 1487872)
1310720 177152 (16, 1487872)
True 
Done Loading Component(TUN_) from File
Got a job: Job(id=4d89329272b3b912b7000013)
0 123968 (1, 123968)
Done Loading Component(EOG_) from File
Traceback (most recent call last):
  File "/Users/mathieudamours/Laboratoire/NeuroLab/bin/worker", line 58, in <module>
    time.sleep(queue.time)

Watching job queue (neurolab.job) for jobs to consume
Worker ID : 4d89814ed6faf81507000003
Traceback (most recent call last):
  File "/Users/mathieudamours/Laboratoire/NeuroLab/bin/worker", line 58, in <module>
    time.sleep(queue.time)

Watching job queue (neurolab.job) for jobs to consume
Worker ID : 4d898690d6faf815af000003
Traceback (most recent call last):
  File "/Users/mathieudamours/Laboratoire/NeuroLab/bin/worker", line 58, in <module>
    time.sleep(queue.time)

